2025-06-14 23:53:14,902 - INFO - Created by Abuzer - Real-Time Monitoring Active
2025-06-14 23:53:14,903 - ERROR - YARA error: (2, 'No such file or directory')
2025-06-14 23:53:14,911 - WARNING - \u26a0\ufe0f Suspicious process: cmd.exe (PID 8664)
2025-06-14 23:53:14,914 - ERROR - Email alert failed: 'EMAIL'
2025-06-14 23:53:14,915 - WARNING - \u26a0\ufe0f Suspicious process: cmd.exe (PID 16380)
2025-06-14 23:53:14,916 - ERROR - Email alert failed: 'EMAIL'
2025-06-14 23:53:14,916 - WARNING - \u26a0\ufe0f Suspicious process: cmd.exe (PID 21188)
2025-06-14 23:53:14,916 - ERROR - Email alert failed: 'EMAIL'
2025-06-14 23:53:14,917 - WARNING - \u26a0\ufe0f Suspicious process: cmd.exe (PID 23176)
2025-06-14 23:53:14,917 - ERROR - Email alert failed: 'EMAIL'
2025-06-14 23:53:14,920 - WARNING - \u26a0\ufe0f Suspicious process: cmd.exe (PID 26168)
2025-06-14 23:53:14,920 - ERROR - Email alert failed: 'EMAIL'
2025-06-14 23:53:38,139 - INFO - Created by Abuzer - Real-Time Monitoring Active
2025-06-14 23:53:38,139 - ERROR - YARA error: (2, 'No such file or directory')
2025-06-14 23:53:38,148 - WARNING - \u26a0\ufe0f Suspicious process: cmd.exe (PID 6292)
2025-06-14 23:53:38,151 - ERROR - Email alert failed: 'EMAIL'
2025-06-14 23:53:38,152 - WARNING - \u26a0\ufe0f Suspicious process: cmd.exe (PID 16380)
2025-06-14 23:53:38,153 - ERROR - Email alert failed: 'EMAIL'
2025-06-14 23:53:38,153 - WARNING - \u26a0\ufe0f Suspicious process: cmd.exe (PID 21188)
2025-06-14 23:53:38,154 - ERROR - Email alert failed: 'EMAIL'
2025-06-14 23:53:38,154 - WARNING - \u26a0\ufe0f Suspicious process: cmd.exe (PID 23176)
2025-06-14 23:53:38,154 - ERROR - Email alert failed: 'EMAIL'
2025-06-14 23:53:38,155 - WARNING - \u26a0\ufe0f Suspicious process: cmd.exe (PID 26168)
2025-06-14 23:53:38,155 - ERROR - Email alert failed: 'EMAIL'
2025-06-14 23:56:13,404 - WARNING - \u26a0\ufe0f Suspicious process: powershell.exe (PID 3076)
2025-06-14 23:56:13,405 - ERROR - Email alert failed: 'EMAIL'
2025-06-15 00:03:29,638 - INFO - Created by Abuzer - Real-Time Monitoring Active
2025-06-15 00:03:29,650 - WARNING - \u26a0\ufe0f Suspicious process: cmd.exe (PID 10024)
2025-06-15 00:03:32,850 - INFO - Email alert sent.
2025-06-15 00:03:32,852 - WARNING - \u26a0\ufe0f Suspicious process: cmd.exe (PID 16380)
2025-06-15 00:03:36,552 - INFO - Email alert sent.
2025-06-15 00:03:36,553 - WARNING - \u26a0\ufe0f Suspicious process: cmd.exe (PID 21188)
2025-06-15 00:03:40,334 - INFO - Email alert sent.
2025-06-15 00:03:40,335 - WARNING - \u26a0\ufe0f Suspicious process: cmd.exe (PID 23176)
2025-06-15 00:03:43,121 - INFO - Email alert sent.
2025-06-15 00:03:43,122 - WARNING - \u26a0\ufe0f Suspicious process: cmd.exe (PID 26168)
2025-06-15 00:03:45,855 - INFO - Email alert sent.
2025-06-15 00:04:25,915 - WARNING - \u26a0\ufe0f Suspicious process: cmd.exe (PID 27636)
2025-06-15 00:04:28,764 - INFO - Email alert sent.
2025-06-15 00:04:46,332 - INFO - Created by Abuzer - Real-Time Monitoring Active
2025-06-15 00:04:46,342 - WARNING - \u26a0\ufe0f Suspicious process: cmd.exe (PID 10024)
2025-06-15 00:04:50,460 - INFO - Email alert sent.
2025-06-15 00:04:50,462 - WARNING - \u26a0\ufe0f Suspicious process: cmd.exe (PID 16380)
2025-06-15 00:04:54,328 - INFO - Email alert sent.
2025-06-15 00:04:54,329 - WARNING - \u26a0\ufe0f Suspicious process: cmd.exe (PID 21188)
2025-06-15 00:04:57,385 - INFO - Email alert sent.
2025-06-15 00:04:57,386 - WARNING - \u26a0\ufe0f Suspicious process: cmd.exe (PID 23176)
2025-06-15 00:05:00,161 - INFO - Email alert sent.
2025-06-15 00:05:00,162 - WARNING - \u26a0\ufe0f Suspicious process: cmd.exe (PID 26168)
2025-06-15 00:05:03,883 - INFO - Email alert sent.
2025-06-15 00:05:03,884 - WARNING - \u26a0\ufe0f Suspicious process: cmd.exe (PID 27636)
2025-06-15 00:05:06,692 - INFO - Email alert sent.
2025-06-15 00:05:23,902 - WARNING - \u26a0\ufe0f Suspicious process: cmd.exe (PID 19988)
2025-06-15 00:05:26,785 - INFO - Email alert sent.
2025-06-15 00:05:31,793 - WARNING - \u26a0\ufe0f Suspicious process: cmd.exe (PID 9568)
2025-06-15 00:05:35,299 - INFO - Email alert sent.
2025-06-15 00:19:22,379 - WARNING - \u26a0\ufe0f Suspicious process: cmd.exe (PID 20996)
2025-06-15 00:19:25,357 - INFO - Email alert sent.
2025-06-15 00:19:30,368 - WARNING - \u26a0\ufe0f Suspicious process: cmd.exe (PID 18468)
2025-06-15 00:19:33,260 - INFO - Email alert sent.
